<?xml version="1.0" encoding="UTF-8"?>
<robot generator="Robot 3.0.4 (Python 3.6.5 on win32)" generated="20180605 18:56:45.336">
<suite id="s1" name="Main" source="C:\Users\SempreIT\Projects\mechan\main.robot">
<test id="s1-t1" name="User must sing in and check out">
<kw name="Open Browser" library="Selenium2Library">
<doc>Opens a new browser instance to the given ``url``.</doc>
<arguments>
<arg>http://www.google.com</arg>
<arg>chrome</arg>
</arguments>
<msg timestamp="20180605 18:56:45.556" level="INFO">Opening browser 'chrome' to base url 'http://www.google.com'.</msg>
<status status="PASS" starttime="20180605 18:56:45.556" endtime="20180605 18:56:54.781"></status>
</kw>
<kw name="Maximize Browser Window" library="Selenium2Library">
<doc>Maximizes current browser window.</doc>
<status status="PASS" starttime="20180605 18:56:54.782" endtime="20180605 18:56:55.962"></status>
</kw>
<kw name="Close Browser" library="Selenium2Library">
<doc>Closes the current browser.</doc>
<status status="PASS" starttime="20180605 18:56:55.962" endtime="20180605 18:56:59.137"></status>
</kw>
<doc>Primary test</doc>
<tags>
<tag>Some tag</tag>
</tags>
<status status="PASS" starttime="20180605 18:56:45.555" endtime="20180605 18:56:59.138" critical="yes"></status>
</test>
<doc>Basic information abut the tests</doc>
<status status="PASS" starttime="20180605 18:56:45.339" endtime="20180605 18:56:59.144"></status>
</suite>
<statistics>
<total>
<stat pass="1" fail="0">Critical Tests</stat>
<stat pass="1" fail="0">All Tests</stat>
</total>
<tag>
<stat pass="1" fail="0">Some tag</stat>
</tag>
<suite>
<stat pass="1" fail="0" id="s1" name="Main">Main</stat>
</suite>
</statistics>
<errors>
</errors>
</robot>
